2025-12-22 14:10:12,914 - main_application - INFO - Starting main application startup sequence
2025-12-22 14:10:12,914 - main_application - INFO - Prepared index name animal-humane-20251222-1410
2025-12-22 14:10:12,914 - main_application - INFO - Initialized shelter scraper for https://animalhumanenm.org/adopt/adoptable-dogs/
2025-12-22 14:10:12,914 - main_application - INFO - Connected to Elasticsearch at http://elasticsearch:9200
2025-12-22 14:10:12,914 - main_application - INFO - Creating index animal-humane-20251222-1410
2025-12-22 14:10:12,927 - main_application - ERROR - Main application startup sequence failed: Connection error caused by: ConnectionError(Connection error caused by: NameResolutionError(HTTPConnection(host='elasticsearch', port=9200): Failed to resolve 'elasticsearch' ([Errno 8] nodename nor servname provided, or not known)))
Traceback (most recent call last):
  File "/opt/homebrew/lib/python3.14/site-packages/urllib3/connection.py", line 204, in _new_conn
    sock = connection.create_connection(
        (self._dns_host, self.port),
    ...<2 lines>...
        socket_options=self.socket_options,
    )
  File "/opt/homebrew/lib/python3.14/site-packages/urllib3/util/connection.py", line 60, in create_connection
    for res in socket.getaddrinfo(host, port, family, socket.SOCK_STREAM):
               ~~~~~~~~~~~~~~~~~~^^^^^^^^^^^^^^^^^^^^^^^^^^^^^^^^^^^^^^^^
  File "/opt/homebrew/Cellar/python@3.14/3.14.0_1/Frameworks/Python.framework/Versions/3.14/lib/python3.14/socket.py", line 983, in getaddrinfo
    for res in _socket.getaddrinfo(host, port, family, type, proto, flags):
               ~~~~~~~~~~~~~~~~~~~^^^^^^^^^^^^^^^^^^^^^^^^^^^^^^^^^^^^^^^^
socket.gaierror: [Errno 8] nodename nor servname provided, or not known

The above exception was the direct cause of the following exception:

Traceback (most recent call last):
  File "/opt/homebrew/lib/python3.14/site-packages/elastic_transport/_node/_http_urllib3.py", line 167, in perform_request
    response = self.pool.urlopen(
        method,
    ...<4 lines>...
        **kw,  # type: ignore[arg-type]
    )
  File "/opt/homebrew/lib/python3.14/site-packages/urllib3/connectionpool.py", line 841, in urlopen
    retries = retries.increment(
        method, url, error=new_e, _pool=self, _stacktrace=sys.exc_info()[2]
    )
  File "/opt/homebrew/lib/python3.14/site-packages/urllib3/util/retry.py", line 449, in increment
    raise reraise(type(error), error, _stacktrace)
          ~~~~~~~^^^^^^^^^^^^^^^^^^^^^^^^^^^^^^^^^
  File "/opt/homebrew/lib/python3.14/site-packages/urllib3/util/util.py", line 39, in reraise
    raise value
  File "/opt/homebrew/lib/python3.14/site-packages/urllib3/connectionpool.py", line 787, in urlopen
    response = self._make_request(
        conn,
    ...<10 lines>...
        **response_kw,
    )
  File "/opt/homebrew/lib/python3.14/site-packages/urllib3/connectionpool.py", line 493, in _make_request
    conn.request(
    ~~~~~~~~~~~~^
        method,
        ^^^^^^^
    ...<6 lines>...
        enforce_content_length=enforce_content_length,
        ^^^^^^^^^^^^^^^^^^^^^^^^^^^^^^^^^^^^^^^^^^^^^^
    )
    ^
  File "/opt/homebrew/lib/python3.14/site-packages/urllib3/connection.py", line 500, in request
    self.endheaders()
    ~~~~~~~~~~~~~~~^^
  File "/opt/homebrew/Cellar/python@3.14/3.14.0_1/Frameworks/Python.framework/Versions/3.14/lib/python3.14/http/client.py", line 1333, in endheaders
    self._send_output(message_body, encode_chunked=encode_chunked)
    ~~~~~~~~~~~~~~~~~^^^^^^^^^^^^^^^^^^^^^^^^^^^^^^^^^^^^^^^^^^^^^
  File "/opt/homebrew/Cellar/python@3.14/3.14.0_1/Frameworks/Python.framework/Versions/3.14/lib/python3.14/http/client.py", line 1093, in _send_output
    self.send(msg)
    ~~~~~~~~~^^^^^
  File "/opt/homebrew/Cellar/python@3.14/3.14.0_1/Frameworks/Python.framework/Versions/3.14/lib/python3.14/http/client.py", line 1037, in send
    self.connect()
    ~~~~~~~~~~~~^^
  File "/opt/homebrew/lib/python3.14/site-packages/urllib3/connection.py", line 331, in connect
    self.sock = self._new_conn()
                ~~~~~~~~~~~~~~^^
  File "/opt/homebrew/lib/python3.14/site-packages/urllib3/connection.py", line 211, in _new_conn
    raise NameResolutionError(self.host, self, e) from e
urllib3.exceptions.NameResolutionError: HTTPConnection(host='elasticsearch', port=9200): Failed to resolve 'elasticsearch' ([Errno 8] nodename nor servname provided, or not known)

The above exception was the direct cause of the following exception:

Traceback (most recent call last):
  File "/Users/swade/KIRO-project/professional-portfolio/animal-humane/main.py", line 29, in main
    handler.es.indices.create(index=index_name)
    ~~~~~~~~~~~~~~~~~~~~~~~~~^^^^^^^^^^^^^^^^^^
  File "/opt/homebrew/lib/python3.14/site-packages/elasticsearch/_sync/client/utils.py", line 402, in wrapped
    return api(*args, **kwargs)
  File "/opt/homebrew/lib/python3.14/site-packages/elasticsearch/_sync/client/indices.py", line 493, in create
    return self.perform_request(  # type: ignore[return-value]
           ~~~~~~~~~~~~~~~~~~~~^^^^^^^^^^^^^^^^^^^^^^^^^^^^^^^
        "PUT", __path, params=__query, headers=__headers, body=__body
        ^^^^^^^^^^^^^^^^^^^^^^^^^^^^^^^^^^^^^^^^^^^^^^^^^^^^^^^^^^^^^
    )
    ^
  File "/opt/homebrew/lib/python3.14/site-packages/elasticsearch/_sync/client/_base.py", line 389, in perform_request
    return self._client.perform_request(
           ~~~~~~~~~~~~~~~~~~~~~~~~~~~~^
        method, path, params=params, headers=headers, body=body
        ^^^^^^^^^^^^^^^^^^^^^^^^^^^^^^^^^^^^^^^^^^^^^^^^^^^^^^^
    )
    ^
  File "/opt/homebrew/lib/python3.14/site-packages/elasticsearch/_sync/client/_base.py", line 285, in perform_request
    meta, resp_body = self.transport.perform_request(
                      ~~~~~~~~~~~~~~~~~~~~~~~~~~~~~~^
        method,
        ^^^^^^^
    ...<7 lines>...
        client_meta=self._client_meta,
        ^^^^^^^^^^^^^^^^^^^^^^^^^^^^^^
    )
    ^
  File "/opt/homebrew/lib/python3.14/site-packages/elastic_transport/_transport.py", line 342, in perform_request
    resp = node.perform_request(
        method,
    ...<3 lines>...
        request_timeout=request_timeout,
    )
  File "/opt/homebrew/lib/python3.14/site-packages/elastic_transport/_node/_http_urllib3.py", line 202, in perform_request
    raise err from e
elastic_transport.ConnectionError: Connection error caused by: ConnectionError(Connection error caused by: NameResolutionError(HTTPConnection(host='elasticsearch', port=9200): Failed to resolve 'elasticsearch' ([Errno 8] nodename nor servname provided, or not known)))
